\BOOKMARK [0][-]{part.1}{\376\377\000I\000\040\000I\000n\000t\000r\000o\000d\000u\000c\000t\000i\000o\000n}{}% 1
\BOOKMARK [1][-]{section.1}{\376\377\000L\000e\000\040\000p\000a\000c\000k\000a\000g\000e\000\040\000R\000e\000s\000o\000l\000S\000y\000s\000t\000e\000m\000e}{part.1}% 2
\BOOKMARK [2][-]{subsection.1.1}{\376\377\000I\000n\000t\000r\000o\000d\000u\000c\000t\000i\000o\000n}{section.1}% 3
\BOOKMARK [2][-]{subsection.1.2}{\376\377\000P\000a\000c\000k\000a\000g\000e\000s\000\040\000u\000t\000i\000l\000i\000s\000\351\000s\000,\000\040\000c\000h\000o\000i\000x\000\040\000d\000e\000\040\000f\000o\000r\000m\000a\000t\000a\000g\000e}{section.1}% 4
\BOOKMARK [2][-]{subsection.1.3}{\376\377\000C\000h\000a\000r\000g\000e\000m\000e\000n\000t\000\040\000d\000u\000\040\000p\000a\000c\000k\000a\000g\000e\000,\000\040\000e\000t\000\040\000o\000p\000t\000i\000o\000n}{section.1}% 5
\BOOKMARK [0][-]{part.2}{\376\377\000I\000I\000\040\000C\000o\000m\000m\000a\000n\000d\000e\000s}{}% 6
\BOOKMARK [1][-]{section.2}{\376\377\000U\000n\000e\000\040\000c\000o\000m\000m\000a\000n\000d\000e\000\040\000i\000n\000t\000e\000r\000n\000e\000\040\000:\000\040\000\351\000c\000r\000i\000t\000u\000r\000e\000\040\000s\000o\000u\000s\000\040\000f\000o\000r\000m\000e\000\040\000d\000'\000u\000n\000e\000\040\000f\000r\000a\000c\000t\000i\000o\000n}{part.2}% 7
\BOOKMARK [2][-]{subsection.2.1}{\376\377\000L\000a\000\040\000c\000o\000m\000m\000a\000n\000d\000e}{section.2}% 8
\BOOKMARK [2][-]{subsection.2.2}{\376\377\000U\000t\000i\000l\000i\000s\000a\000t\000i\000o\000n}{section.2}% 9
\BOOKMARK [2][-]{subsection.2.3}{\376\377\000I\000n\000t\000e\000r\000a\000c\000t\000i\000o\000n\000\040\000a\000v\000e\000c\000\040\000l\000e\000s\000\040\000c\000o\000m\000m\000a\000n\000d\000e\000s\000\040\000\253\000\040\000m\000a\000t\000r\000i\000c\000i\000e\000l\000l\000e\000s\000\040\000\273\000,\000\040\000l\000i\000m\000i\000t\000a\000t\000i\000o\000n\000s}{section.2}% 10
\BOOKMARK [1][-]{section.3}{\376\377\000C\000a\000l\000c\000u\000l\000\040\000d\000e\000\040\000d\000\351\000t\000e\000r\000m\000i\000n\000a\000n\000t}{part.2}% 11
\BOOKMARK [2][-]{subsection.3.1}{\376\377\000I\000n\000t\000r\000o\000d\000u\000c\000t\000i\000o\000n}{section.3}% 12
\BOOKMARK [2][-]{subsection.3.2}{\376\377\000U\000t\000i\000l\000i\000s\000a\000t\000i\000o\000n}{section.3}% 13
\BOOKMARK [1][-]{section.4}{\376\377\000I\000n\000v\000e\000r\000s\000e\000\040\000d\000'\000u\000n\000e\000\040\000m\000a\000t\000r\000i\000c\000e}{part.2}% 14
\BOOKMARK [2][-]{subsection.4.1}{\376\377\000I\000n\000t\000r\000o\000d\000u\000c\000t\000i\000o\000n}{section.4}% 15
\BOOKMARK [2][-]{subsection.4.2}{\376\377\000U\000t\000i\000l\000i\000s\000a\000t\000i\000o\000n}{section.4}% 16
\BOOKMARK [1][-]{section.5}{\376\377\000R\000\351\000s\000o\000l\000u\000t\000i\000o\000n\000\040\000d\000'\000u\000n\000\040\000s\000y\000s\000t\000\350\000m\000e\000\040\000l\000i\000n\000\351\000a\000i\000r\000e}{part.2}% 17
\BOOKMARK [2][-]{subsection.5.1}{\376\377\000I\000n\000t\000r\000o\000d\000u\000c\000t\000i\000o\000n}{section.5}% 18
\BOOKMARK [2][-]{subsection.5.2}{\376\377\000U\000t\000i\000l\000i\000s\000a\000t\000i\000o\000n}{section.5}% 19
\BOOKMARK [0][-]{part.3}{\376\377\000I\000I\000I\000\040\000H\000i\000s\000t\000o\000r\000i\000q\000u\000e}{}% 20
